<?xml version="1.0" encoding="UTF-8"?>
<!-- Generated by org.testng.reporters.JUnitReportReporter -->
<testsuite hostname="WIN-BE6PFADQ28D" name="com.Restassured.Testcases.TC2_REST_GET" tests="1" failures="0" timestamp="25 May 2019 09:59:25 GMT" time="0.034" errors="0">
  <testcase name="getResponseBody" time="0.034" classname="com.Restassured.Testcases.TC2_REST_GET"/>
</testsuite> <!-- com.Restassured.Testcases.TC2_REST_GET -->
