<?xml version="1.0" encoding="UTF-8"?>
<!-- Generated by org.testng.reporters.JUnitReportReporter -->
<testsuite hostname="WIN-BE6PFADQ28D" name="com.Restassured.Testcases.TC1_REST_GET" tests="7" failures="0" timestamp="26 May 2019 05:21:47 GMT" time="0.322" errors="0">
  <testcase name="getStatusLine" time="0.001" classname="com.Restassured.Testcases.TC1_REST_GET"/>
  <testcase name="getContentType" time="0.001" classname="com.Restassured.Testcases.TC1_REST_GET"/>
  <testcase name="checkResponseBody" time="0.313" classname="com.Restassured.Testcases.TC1_REST_GET"/>
  <testcase name="getStatusCode" time="0.002" classname="com.Restassured.Testcases.TC1_REST_GET"/>
  <testcase name="getResponseTime" time="0.001" classname="com.Restassured.Testcases.TC1_REST_GET"/>
  <testcase name="getServerType" time="0.003" classname="com.Restassured.Testcases.TC1_REST_GET"/>
  <testcase name="getContentEncode" time="0.001" classname="com.Restassured.Testcases.TC1_REST_GET"/>
</testsuite> <!-- com.Restassured.Testcases.TC1_REST_GET -->
