<?xml version="1.0" encoding="UTF-8"?>
<!-- Generated by org.testng.reporters.JUnitReportReporter -->
<testsuite hostname="WIN-BE6PFADQ28D" name="com.Restassured.Testcases.TC3_REST_POST" tests="8" failures="0" timestamp="25 May 2019 12:20:14 GMT" time="3.611" errors="0">
  <testcase name="getContentEncode" time="0.002" classname="com.Restassured.Testcases.TC3_REST_POST"/>
  <testcase name="getStatusLine" time="0.001" classname="com.Restassured.Testcases.TC3_REST_POST"/>
  <testcase name="getid" time="3.580" classname="com.Restassured.Testcases.TC3_REST_POST"/>
  <testcase name="getContentType" time="0.001" classname="com.Restassured.Testcases.TC3_REST_POST"/>
  <testcase name="getResponseBody" time="0.022" classname="com.Restassured.Testcases.TC3_REST_POST"/>
  <testcase name="getResponseTime" time="0.002" classname="com.Restassured.Testcases.TC3_REST_POST"/>
  <testcase name="getServerType" time="0.001" classname="com.Restassured.Testcases.TC3_REST_POST"/>
  <testcase name="getStatusCode" time="0.002" classname="com.Restassured.Testcases.TC3_REST_POST"/>
</testsuite> <!-- com.Restassured.Testcases.TC3_REST_POST -->
